-encoding
UTF-8
-outxml
-source
1.6
-target
1.6
-classpath
C:\Users\vominhtung\.m2\repository\junit\junit\4.11\junit-4.11.jar;C:\Users\vominhtung\.m2\repository\log4j\log4j\1.2.17\log4j-1.2.17.jar;C:\Users\vominhtung\.m2\repository\org\slf4j\slf4j-api\1.7.5\slf4j-api-1.7.5.jar;C:\Users\vominhtung\.m2\repository\org\slf4j\jcl-over-slf4j\1.7.5\jcl-over-slf4j-1.7.5.jar;C:\Users\vominhtung\.m2\repository\org\slf4j\slf4j-log4j12\1.7.5\slf4j-log4j12-1.7.5.jar;C:\Users\vominhtung\.m2\repository\org\aspectj\aspectjrt\1.7.4\aspectjrt-1.7.4.jar;C:\Users\vominhtung\.m2\repository\org\aspectj\aspectjweaver\1.7.4\aspectjweaver-1.7.4.jar;C:\Users\vominhtung\.m2\repository\javax\servlet\servlet-api\2.5\servlet-api-2.5.jar;C:\Users\vominhtung\.m2\repository\net\sf\flexjson\flexjson\2.1\flexjson-2.1.jar;C:\Users\vominhtung\.m2\repository\org\apache\commons\commons-lang3\3.1\commons-lang3-3.1.jar;C:\Users\vominhtung\.m2\repository\org\springframework\roo\org.springframework.roo.annotations\1.2.5.RELEASE\org.springframework.roo.annotations-1.2.5.RELEASE.jar;C:\Users\vominhtung\.m2\repository\org\springframework\spring-core\3.2.6.RELEASE\spring-core-3.2.6.RELEASE.jar;C:\Users\vominhtung\.m2\repository\org\springframework\spring-test\3.2.6.RELEASE\spring-test-3.2.6.RELEASE.jar;C:\Users\vominhtung\.m2\repository\org\springframework\spring-context\3.2.6.RELEASE\spring-context-3.2.6.RELEASE.jar;C:\Users\vominhtung\.m2\repository\org\springframework\spring-aop\3.2.6.RELEASE\spring-aop-3.2.6.RELEASE.jar;C:\Users\vominhtung\.m2\repository\org\springframework\spring-aspects\3.2.6.RELEASE\spring-aspects-3.2.6.RELEASE.jar;C:\Users\vominhtung\.m2\repository\com\h2database\h2\1.3.172\h2-1.3.172.jar;C:\Users\vominhtung\.m2\repository\org\eclipse\persistence\eclipselink\2.5.0\eclipselink-2.5.0.jar;C:\Users\vominhtung\.m2\repository\org\hibernate\hibernate-validator\4.3.1.Final\hibernate-validator-4.3.1.Final.jar;C:\Users\vominhtung\.m2\repository\javax\validation\validation-api\1.0.0.GA\validation-api-1.0.0.GA.jar;C:\Users\vominhtung\.m2\repository\javax\transaction\jta\1.1\jta-1.1.jar;C:\Users\vominhtung\.m2\repository\org\springframework\spring-jdbc\3.2.6.RELEASE\spring-jdbc-3.2.6.RELEASE.jar;C:\Users\vominhtung\.m2\repository\org\springframework\spring-orm\3.2.6.RELEASE\spring-orm-3.2.6.RELEASE.jar;C:\Users\vominhtung\.m2\repository\commons-pool\commons-pool\1.5.6\commons-pool-1.5.6.jar;C:\Users\vominhtung\.m2\repository\commons-dbcp\commons-dbcp\1.4\commons-dbcp-1.4.jar;C:\Users\vominhtung\.m2\repository\org\springframework\data\spring-data-jpa\1.4.3.RELEASE\spring-data-jpa-1.4.3.RELEASE.jar;C:\Users\vominhtung\.m2\repository\org\springframework\spring-webmvc\3.2.6.RELEASE\spring-webmvc-3.2.6.RELEASE.jar;C:\Users\vominhtung\.m2\repository\org\springframework\webflow\spring-js-resources\2.2.1.RELEASE\spring-js-resources-2.2.1.RELEASE.jar;C:\Users\vominhtung\.m2\repository\commons-digester\commons-digester\2.1\commons-digester-2.1.jar;C:\Users\vominhtung\.m2\repository\commons-fileupload\commons-fileupload\1.2.2\commons-fileupload-1.2.2.jar;C:\Users\vominhtung\.m2\repository\javax\servlet\jsp\jstl\jstl-api\1.2\jstl-api-1.2.jar;C:\Users\vominhtung\.m2\repository\org\glassfish\web\jstl-impl\1.2\jstl-impl-1.2.jar;C:\Users\vominhtung\.m2\repository\javax\el\el-api\2.2\el-api-2.2.jar;C:\Users\vominhtung\.m2\repository\joda-time\joda-time\1.6\joda-time-1.6.jar;C:\Users\vominhtung\.m2\repository\javax\servlet\jsp\jsp-api\2.1\jsp-api-2.1.jar;C:\Users\vominhtung\.m2\repository\commons-codec\commons-codec\1.5\commons-codec-1.5.jar;C:\Users\vominhtung\.m2\repository\org\apache\tiles\tiles-jsp\2.2.2\tiles-jsp-2.2.2.jar;C:\Users\vominhtung\.m2\repository\commons-io\commons-io\2.4\commons-io-2.4.jar;C:\Users\vominhtung\.m2\repository\org\springframework\spring-beans\3.2.6.RELEASE\spring-beans-3.2.6.RELEASE.jar;C:\Users\vominhtung\.m2\repository\org\springframework\spring-expression\3.2.6.RELEASE\spring-expression-3.2.6.RELEASE.jar;C:\Users\vominhtung\.m2\repository\aopalliance\aopalliance\1.0\aopalliance-1.0.jar;C:\Users\vominhtung\.m2\repository\org\springframework\spring-context-support\3.2.6.RELEASE\spring-context-support-3.2.6.RELEASE.jar;C:\Users\vominhtung\.m2\repository\org\eclipse\persistence\javax.persistence\2.1.0\javax.persistence-2.1.0.jar;C:\Users\vominhtung\.m2\repository\org\eclipse\persistence\commonj.sdo\2.1.1\commonj.sdo-2.1.1.jar;C:\Users\vominhtung\.m2\repository\org\jboss\logging\jboss-logging\3.1.0.CR2\jboss-logging-3.1.0.CR2.jar;C:\Users\vominhtung\.m2\repository\org\springframework\spring-tx\3.2.6.RELEASE\spring-tx-3.2.6.RELEASE.jar;C:\Users\vominhtung\.m2\repository\org\springframework\data\spring-data-commons\1.6.3.RELEASE\spring-data-commons-1.6.3.RELEASE.jar;C:\Users\vominhtung\.m2\repository\org\springframework\spring-web\3.2.6.RELEASE\spring-web-3.2.6.RELEASE.jar;C:\Users\vominhtung\.m2\repository\commons-beanutils\commons-beanutils\1.8.3\commons-beanutils-1.8.3.jar;C:\Users\vominhtung\.m2\repository\org\apache\tiles\tiles-servlet\2.2.2\tiles-servlet-2.2.2.jar;C:\Users\vominhtung\.m2\repository\org\apache\tiles\tiles-core\2.2.2\tiles-core-2.2.2.jar;C:\Users\vominhtung\.m2\repository\org\apache\tiles\tiles-template\2.2.2\tiles-template-2.2.2.jar;C:\Users\vominhtung\.m2\repository\org\apache\tiles\tiles-api\2.2.2\tiles-api-2.2.2.jar;C:\Users\vominhtung\pizzashop\target\classes
-aspectpath
C:\Users\vominhtung\.m2\repository\org\springframework\spring-aspects\3.2.6.RELEASE\spring-aspects-3.2.6.RELEASE.jar
-d
C:\Users\vominhtung\pizzashop\target\classes
C:\Users\vominhtung\pizzashop\src\main\java\com\springsource\pizzashop\domain\Base.java
C:\Users\vominhtung\pizzashop\src\main\java\com\springsource\pizzashop\domain\Base_Roo_JavaBean.aj
C:\Users\vominhtung\pizzashop\src\main\java\com\springsource\pizzashop\domain\Base_Roo_Jpa_Entity.aj
C:\Users\vominhtung\pizzashop\src\main\java\com\springsource\pizzashop\domain\Base_Roo_Json.aj
C:\Users\vominhtung\pizzashop\src\main\java\com\springsource\pizzashop\domain\Base_Roo_ToString.aj
C:\Users\vominhtung\pizzashop\src\main\java\com\springsource\pizzashop\domain\Pizza.java
C:\Users\vominhtung\pizzashop\src\main\java\com\springsource\pizzashop\domain\PizzaOrder.java
C:\Users\vominhtung\pizzashop\src\main\java\com\springsource\pizzashop\domain\PizzaOrderPk.java
C:\Users\vominhtung\pizzashop\src\main\java\com\springsource\pizzashop\domain\PizzaOrderPk_Roo_Configurable.aj
C:\Users\vominhtung\pizzashop\src\main\java\com\springsource\pizzashop\domain\PizzaOrderPk_Roo_Equals.aj
C:\Users\vominhtung\pizzashop\src\main\java\com\springsource\pizzashop\domain\PizzaOrderPk_Roo_Identifier.aj
C:\Users\vominhtung\pizzashop\src\main\java\com\springsource\pizzashop\domain\PizzaOrderPk_Roo_Json.aj
C:\Users\vominhtung\pizzashop\src\main\java\com\springsource\pizzashop\domain\PizzaOrderPk_Roo_Serializable.aj
C:\Users\vominhtung\pizzashop\src\main\java\com\springsource\pizzashop\domain\PizzaOrderPk_Roo_ToString.aj
C:\Users\vominhtung\pizzashop\src\main\java\com\springsource\pizzashop\domain\PizzaOrder_Roo_JavaBean.aj
C:\Users\vominhtung\pizzashop\src\main\java\com\springsource\pizzashop\domain\PizzaOrder_Roo_Jpa_Entity.aj
C:\Users\vominhtung\pizzashop\src\main\java\com\springsource\pizzashop\domain\PizzaOrder_Roo_Json.aj
C:\Users\vominhtung\pizzashop\src\main\java\com\springsource\pizzashop\domain\PizzaOrder_Roo_ToString.aj
C:\Users\vominhtung\pizzashop\src\main\java\com\springsource\pizzashop\domain\Pizza_Roo_JavaBean.aj
C:\Users\vominhtung\pizzashop\src\main\java\com\springsource\pizzashop\domain\Pizza_Roo_Jpa_Entity.aj
C:\Users\vominhtung\pizzashop\src\main\java\com\springsource\pizzashop\domain\Pizza_Roo_Json.aj
C:\Users\vominhtung\pizzashop\src\main\java\com\springsource\pizzashop\domain\Pizza_Roo_ToString.aj
C:\Users\vominhtung\pizzashop\src\main\java\com\springsource\pizzashop\domain\Topping.java
C:\Users\vominhtung\pizzashop\src\main\java\com\springsource\pizzashop\domain\Topping_Roo_JavaBean.aj
C:\Users\vominhtung\pizzashop\src\main\java\com\springsource\pizzashop\domain\Topping_Roo_Jpa_Entity.aj
C:\Users\vominhtung\pizzashop\src\main\java\com\springsource\pizzashop\domain\Topping_Roo_Json.aj
C:\Users\vominhtung\pizzashop\src\main\java\com\springsource\pizzashop\domain\Topping_Roo_ToString.aj
C:\Users\vominhtung\pizzashop\src\main\java\com\springsource\pizzashop\repository\BaseRepository.java
C:\Users\vominhtung\pizzashop\src\main\java\com\springsource\pizzashop\repository\BaseRepository_Roo_Jpa_Repository.aj
C:\Users\vominhtung\pizzashop\src\main\java\com\springsource\pizzashop\repository\PizzaOrderRepository.java
C:\Users\vominhtung\pizzashop\src\main\java\com\springsource\pizzashop\repository\PizzaOrderRepository_Roo_Jpa_Repository.aj
C:\Users\vominhtung\pizzashop\src\main\java\com\springsource\pizzashop\repository\PizzaRepository.java
C:\Users\vominhtung\pizzashop\src\main\java\com\springsource\pizzashop\repository\PizzaRepository_Roo_Jpa_Repository.aj
C:\Users\vominhtung\pizzashop\src\main\java\com\springsource\pizzashop\repository\ToppingRepository.java
C:\Users\vominhtung\pizzashop\src\main\java\com\springsource\pizzashop\repository\ToppingRepository_Roo_Jpa_Repository.aj
C:\Users\vominhtung\pizzashop\src\main\java\com\springsource\pizzashop\service\BaseService.java
C:\Users\vominhtung\pizzashop\src\main\java\com\springsource\pizzashop\service\BaseServiceImpl.java
C:\Users\vominhtung\pizzashop\src\main\java\com\springsource\pizzashop\service\BaseServiceImpl_Roo_Service.aj
C:\Users\vominhtung\pizzashop\src\main\java\com\springsource\pizzashop\service\BaseService_Roo_Service.aj
C:\Users\vominhtung\pizzashop\src\main\java\com\springsource\pizzashop\service\PizzaOrderService.java
C:\Users\vominhtung\pizzashop\src\main\java\com\springsource\pizzashop\service\PizzaOrderServiceImpl.java
C:\Users\vominhtung\pizzashop\src\main\java\com\springsource\pizzashop\service\PizzaOrderServiceImpl_Roo_Service.aj
C:\Users\vominhtung\pizzashop\src\main\java\com\springsource\pizzashop\service\PizzaOrderService_Roo_Service.aj
C:\Users\vominhtung\pizzashop\src\main\java\com\springsource\pizzashop\service\PizzaService.java
C:\Users\vominhtung\pizzashop\src\main\java\com\springsource\pizzashop\service\PizzaServiceImpl.java
C:\Users\vominhtung\pizzashop\src\main\java\com\springsource\pizzashop\service\PizzaServiceImpl_Roo_Service.aj
C:\Users\vominhtung\pizzashop\src\main\java\com\springsource\pizzashop\service\PizzaService_Roo_Service.aj
C:\Users\vominhtung\pizzashop\src\main\java\com\springsource\pizzashop\service\ToppingService.java
C:\Users\vominhtung\pizzashop\src\main\java\com\springsource\pizzashop\service\ToppingServiceImpl.java
C:\Users\vominhtung\pizzashop\src\main\java\com\springsource\pizzashop\service\ToppingServiceImpl_Roo_Service.aj
C:\Users\vominhtung\pizzashop\src\main\java\com\springsource\pizzashop\service\ToppingService_Roo_Service.aj
C:\Users\vominhtung\pizzashop\src\main\java\com\springsource\pizzashop\web\ApplicationConversionServiceFactoryBean.java
C:\Users\vominhtung\pizzashop\src\main\java\com\springsource\pizzashop\web\ApplicationConversionServiceFactoryBean_Roo_ConversionService.aj
C:\Users\vominhtung\pizzashop\src\main\java\com\springsource\pizzashop\web\BaseController.java
C:\Users\vominhtung\pizzashop\src\main\java\com\springsource\pizzashop\web\BaseController_Roo_Controller.aj
C:\Users\vominhtung\pizzashop\src\main\java\com\springsource\pizzashop\web\BaseController_Roo_Controller_Json.aj
C:\Users\vominhtung\pizzashop\src\main\java\com\springsource\pizzashop\web\PizzaController.java
C:\Users\vominhtung\pizzashop\src\main\java\com\springsource\pizzashop\web\PizzaController_Roo_Controller.aj
C:\Users\vominhtung\pizzashop\src\main\java\com\springsource\pizzashop\web\PizzaController_Roo_Controller_Json.aj
C:\Users\vominhtung\pizzashop\src\main\java\com\springsource\pizzashop\web\PizzaOrderController.java
C:\Users\vominhtung\pizzashop\src\main\java\com\springsource\pizzashop\web\PizzaOrderController_Roo_Controller.aj
C:\Users\vominhtung\pizzashop\src\main\java\com\springsource\pizzashop\web\PizzaOrderController_Roo_Controller_Json.aj
C:\Users\vominhtung\pizzashop\src\main\java\com\springsource\pizzashop\web\ToppingController.java
C:\Users\vominhtung\pizzashop\src\main\java\com\springsource\pizzashop\web\ToppingController_Roo_Controller.aj
C:\Users\vominhtung\pizzashop\src\main\java\com\springsource\pizzashop\web\ToppingController_Roo_Controller_Json.aj
